<?xml version="1.0" encoding="UTF-8"?>
<!-- Generated by org.testng.reporters.JUnitXMLReporter -->
<testsuite ignored="0" hostname="Manoj_Kumar_M" failures="0" tests="3" name="Test" time="17.626" errors="0" timestamp="2023-11-19T15:49:38 IST">
  <testcase classname="shopperstack.testscripts.AddShoesToCartTest" name="addToCartTest" time="0.016"/>
  <testcase classname="shopperstack.testscripts.DemoTest" name="demoTest" time="0.002"/>
  <testcase classname="shopperstack.testscripts.AddAddressTest" name="addAddressTest" time="0.011"/>
</testsuite> <!-- Test -->
